<?xml version="1.0" encoding="UTF-8"?>
<robot generator="Robot 7.4.1 (Python 3.13.0 on win32)" generated="2026-03-05T16:11:18.442656" rpa="false" schemaversion="5">
<suite id="s1" name="TC002" source="D:\Doppio\Mini_proj\Cam_Group_7\testcases\TC002.robot">
<test id="s1-t1" name="TC02 - Verify user cannot register when required fields are empty" line="6">
<kw name="open web" owner="common">
<kw name="New Browser" owner="Browser">
<msg time="2026-03-05T16:11:18.738089" level="INFO">{"browser": "chromium", "headless": false, "chromiumSandbox": false, "devtools": false, "handleSIGHUP": true, "handleSIGINT": true, "handleSIGTERM": true, "slowMo": 0.0, "timeout": 30000.0, "tracesDir": "D:\\Doppio\\Mini_proj\\Cam_Group_7\\testcases\\browser\\traces\\temp\\7c008e35-c33a-4023-bfe7-3e5237c24b87"}</msg>
<msg time="2026-03-05T16:11:18.759540" level="INFO">Starting Browser process D:\Doppio\doppio\Lib\site-packages\Browser\wrapper\index.js using at 127.0.0.1:53096</msg>
<msg time="2026-03-05T16:11:19.988389" level="INFO">Successfully created browser with options: {"browser":"chromium","headless":false,"chromiumSandbox":false,"devtools":false,"handleSIGHUP":true,"handleSIGINT":true,"handleSIGTERM":true,"slowMo":0,"timeout":30000,"tracesDir":"D:\\Doppio\\Mini_proj\\Cam_Group_7\\testcases\\browser\\traces\\temp\\7c008e35-c33a-4023-bfe7-3e5237c24b87"}</msg>
<arg>chromium</arg>
<arg>${False}</arg>
<tag>BrowserControl</tag>
<tag>Setter</tag>
<doc>Create a new playwright Browser with specified options.</doc>
<status status="PASS" start="2026-03-05T16:11:18.737523" elapsed="1.251038"/>
</kw>
<kw name="New Context" owner="Browser">
<msg time="2026-03-05T16:11:19.990555" level="INFO">{
  "acceptDownloads": true,
  "bypassCSP": false,
  "forcedColors": "none",
  "ignoreHTTPSErrors": false,
  "javaScriptEnabled": true,
  "offline": false,
  "reducedMotion": "no-preference",
  "serviceWorkers": "allow",
  "viewport": {
    "width": 1280,
    "height": 720
  }
}</msg>
<msg time="2026-03-05T16:11:20.002699" level="INFO">Successfully created context. </msg>
<msg time="2026-03-05T16:11:20.002784" level="INFO">{'acceptDownloads': True, 'bypassCSP': False, 'forcedColors': 'none', 'ignoreHTTPSErrors': False, 'javaScriptEnabled': True, 'offline': False, 'reducedMotion': 'no-preference', 'serviceWorkers': 'allow', 'viewport': {'width': 1280, 'height': 720}}</msg>
<tag>BrowserControl</tag>
<tag>Setter</tag>
<doc>Create a new BrowserContext with specified options.</doc>
<status status="PASS" start="2026-03-05T16:11:19.988783" elapsed="0.014074"/>
</kw>
<kw name="New Page" owner="Browser">
<msg time="2026-03-05T16:11:20.853055" level="INFO">Successfully initialized new page object and opened url: https://www.ikea.com/th/en/profile/sign-up/?</msg>
<arg>https://www.ikea.com/th/${LANG}/profile/sign-up/?</arg>
<tag>BrowserControl</tag>
<tag>Setter</tag>
<doc>Open a new Page.</doc>
<status status="PASS" start="2026-03-05T16:11:20.003048" elapsed="0.850203"/>
</kw>
<status status="PASS" start="2026-03-05T16:11:18.737026" elapsed="2.116356"/>
</kw>
<kw name="Check cookie and click Accept all cookies" owner="common">
<kw name="Run Keyword And Return Status" owner="BuiltIn">
<kw name="Wait For Elements State" owner="Browser">
<msg time="2026-03-05T16:11:21.710661" level="INFO">Waited for Element with selector css=#onetrust-banner-sdk at state visible</msg>
<arg>${main_locator.cookie_dialog}</arg>
<arg>visible</arg>
<arg>timeout=5s</arg>
<tag>PageContent</tag>
<tag>Wait</tag>
<doc>Waits for the element found by ``selector`` to satisfy state option.</doc>
<status status="PASS" start="2026-03-05T16:11:20.855588" elapsed="0.855215"/>
</kw>
<msg time="2026-03-05T16:11:21.710950" level="INFO">${visible} = True</msg>
<var>${visible}</var>
<arg>Browser.Wait For Elements State</arg>
<arg>${main_locator.cookie_dialog}</arg>
<arg>visible</arg>
<arg>timeout=5s</arg>
<doc>Runs the specified keyword and returns the status as a Boolean value.</doc>
<status status="PASS" start="2026-03-05T16:11:20.854910" elapsed="0.856062"/>
</kw>
<if>
<branch type="IF" condition="${visible}">
<kw name="Click" owner="Browser">
<msg time="2026-03-05T16:11:21.711859" level="INFO">Clicks the element 'css=#onetrust-accept-btn-handler'.</msg>
<arg>${main_locator.btn_accept_all_cookie}</arg>
<tag>PageContent</tag>
<tag>Setter</tag>
<doc>Simulates mouse click on the element found by ``selector``.</doc>
<status status="PASS" start="2026-03-05T16:11:21.711441" elapsed="0.031801"/>
</kw>
<status status="PASS" start="2026-03-05T16:11:21.711075" elapsed="0.032274"/>
</branch>
<status status="PASS" start="2026-03-05T16:11:21.711046" elapsed="0.032364"/>
</if>
<status status="PASS" start="2026-03-05T16:11:20.853859" elapsed="0.889613"/>
</kw>
<kw name="Verify message checkbox privacy is displayed" owner="register_feature">
<kw name="Verify Checkbox privacy require message" owner="register_page">
<kw name="Click" owner="Browser">
<msg time="2026-03-05T16:11:21.745258" level="INFO">Clicks the element 'css=[data-testid="sign-up-create-account"]'.</msg>
<arg>${register_locator.btn_sign_up}</arg>
<tag>PageContent</tag>
<tag>Setter</tag>
<doc>Simulates mouse click on the element found by ``selector``.</doc>
<status status="PASS" start="2026-03-05T16:11:21.744802" elapsed="0.858763"/>
</kw>
<kw name="Get Text" owner="Browser">
<msg time="2026-03-05T16:11:22.629573" level="INFO">Text: 'Please confirm that you agree to the Privacy Policy to proceed'</msg>
<arg>${register_locator.alert_checkbox}</arg>
<arg>==</arg>
<arg>${TC02.register_require_message_checkbox}</arg>
<tag>Assertion</tag>
<tag>Getter</tag>
<tag>PageContent</tag>
<doc>Returns text attribute of the element found by ``selector``.</doc>
<status status="PASS" start="2026-03-05T16:11:22.603840" elapsed="0.025851"/>
</kw>
<status status="PASS" start="2026-03-05T16:11:21.744498" elapsed="0.885308"/>
</kw>
<status status="PASS" start="2026-03-05T16:11:21.743966" elapsed="0.885894"/>
</kw>
<kw name="Verify all error message is displayed" owner="register_feature">
<kw name="Verify Input first name require message" owner="register_page">
<kw name="Click" owner="Browser">
<msg time="2026-03-05T16:11:22.631829" level="INFO">Clicks the element 'css=[data-testid="sign-up-create-account"]'.</msg>
<arg>${register_locator.btn_sign_up}</arg>
<tag>PageContent</tag>
<tag>Setter</tag>
<doc>Simulates mouse click on the element found by ``selector``.</doc>
<status status="PASS" start="2026-03-05T16:11:22.631378" elapsed="0.022305"/>
</kw>
<kw name="Get Text" owner="Browser">
<msg time="2026-03-05T16:11:22.665287" level="INFO">Text: 'The first name field cannot be left empty'</msg>
<arg>${register_locator.alert_first_name}</arg>
<arg>==</arg>
<arg>${TC02.register_require_message_first_name}</arg>
<tag>Assertion</tag>
<tag>Getter</tag>
<tag>PageContent</tag>
<doc>Returns text attribute of the element found by ``selector``.</doc>
<status status="PASS" start="2026-03-05T16:11:22.653884" elapsed="0.011510"/>
</kw>
<status status="PASS" start="2026-03-05T16:11:22.631064" elapsed="0.034436"/>
</kw>
<kw name="Verify Input last name require message" owner="register_page">
<kw name="Click" owner="Browser">
<msg time="2026-03-05T16:11:22.666643" level="INFO">Clicks the element 'css=[data-testid="sign-up-create-account"]'.</msg>
<arg>${register_locator.btn_sign_up}</arg>
<tag>PageContent</tag>
<tag>Setter</tag>
<doc>Simulates mouse click on the element found by ``selector``.</doc>
<status status="PASS" start="2026-03-05T16:11:22.666164" elapsed="0.017645"/>
</kw>
<kw name="Get Text" owner="Browser">
<msg time="2026-03-05T16:11:22.694974" level="INFO">Text: 'The last name field cannot be left empty'</msg>
<arg>${register_locator.alert_last_name}</arg>
<arg>==</arg>
<arg>${TC02.register_require_message_last_name}</arg>
<tag>Assertion</tag>
<tag>Getter</tag>
<tag>PageContent</tag>
<doc>Returns text attribute of the element found by ``selector``.</doc>
<status status="PASS" start="2026-03-05T16:11:22.684018" elapsed="0.011061"/>
</kw>
<status status="PASS" start="2026-03-05T16:11:22.665674" elapsed="0.029506"/>
</kw>
<kw name="Verify Input email require message" owner="register_page">
<kw name="Click" owner="Browser">
<msg time="2026-03-05T16:11:22.696437" level="INFO">Clicks the element 'css=[data-testid="sign-up-create-account"]'.</msg>
<arg>${register_locator.btn_sign_up}</arg>
<tag>PageContent</tag>
<tag>Setter</tag>
<doc>Simulates mouse click on the element found by ``selector``.</doc>
<status status="PASS" start="2026-03-05T16:11:22.695956" elapsed="0.021624"/>
</kw>
<kw name="Get Text" owner="Browser">
<msg time="2026-03-05T16:11:22.726879" level="INFO">Text: 'The email address field cannot be left empty'</msg>
<arg>${register_locator.alert_email}</arg>
<arg>==</arg>
<arg>${TC02.register_require_message_email}</arg>
<tag>Assertion</tag>
<tag>Getter</tag>
<tag>PageContent</tag>
<doc>Returns text attribute of the element found by ``selector``.</doc>
<status status="PASS" start="2026-03-05T16:11:22.717818" elapsed="0.009158"/>
</kw>
<status status="PASS" start="2026-03-05T16:11:22.695488" elapsed="0.031589"/>
</kw>
<kw name="Verify Input password require message" owner="register_page">
<kw name="Click" owner="Browser">
<msg time="2026-03-05T16:11:22.728149" level="INFO">Clicks the element 'css=[data-testid="sign-up-create-account"]'.</msg>
<arg>${register_locator.btn_sign_up}</arg>
<tag>PageContent</tag>
<tag>Setter</tag>
<doc>Simulates mouse click on the element found by ``selector``.</doc>
<status status="PASS" start="2026-03-05T16:11:22.727703" elapsed="0.017588"/>
</kw>
<kw name="Get Text" owner="Browser">
<msg time="2026-03-05T16:11:22.754359" level="INFO">Text: 'The password field cannot be left empty'</msg>
<arg>${register_locator.alert_password}</arg>
<arg>==</arg>
<arg>${TC02.register_require_message_password}</arg>
<tag>Assertion</tag>
<tag>Getter</tag>
<tag>PageContent</tag>
<doc>Returns text attribute of the element found by ``selector``.</doc>
<status status="PASS" start="2026-03-05T16:11:22.745561" elapsed="0.008893"/>
</kw>
<status status="PASS" start="2026-03-05T16:11:22.727250" elapsed="0.027310"/>
</kw>
<status status="PASS" start="2026-03-05T16:11:22.630480" elapsed="0.124129"/>
</kw>
<msg time="2026-03-05T16:11:22.761893" level="INFO">Switching context to context=7ec3e8b7-6cf0-4295-8dc1-bfb4b2a5828b in CURRENT</msg>
<msg time="2026-03-05T16:11:22.765666" level="INFO">Successfully changed active context: context=7ec3e8b7-6cf0-4295-8dc1-bfb4b2a5828b</msg>
<msg time="2026-03-05T16:11:22.784856" level="INFO">Successfully closed Context</msg>
<status status="PASS" start="2026-03-05T16:11:18.736463" elapsed="4.018394"/>
</test>
<status status="PASS" start="2026-03-05T16:11:18.443807" elapsed="4.344193"/>
</suite>
<statistics>
<total>
<stat pass="1" fail="0" skip="0">All Tests</stat>
</total>
<tag>
</tag>
<suite>
<stat name="TC002" id="s1" pass="1" fail="0" skip="0">TC002</stat>
</suite>
</statistics>
<errors>
<msg time="2026-03-05T16:11:18.727402" level="WARN">Imported resource file 'D:\Doppio\Mini_proj\Cam_Group_7\resources\locators\main_locator.robot' is empty.</msg>
<msg time="2026-03-05T16:11:18.729295" level="WARN">Imported resource file 'D:\Doppio\Mini_proj\Cam_Group_7\keywords\pages\main_page.robot' is empty.</msg>
<msg time="2026-03-05T16:11:18.731001" level="WARN">Imported resource file 'D:\Doppio\Mini_proj\Cam_Group_7\keywords\features\main_feature.robot' is empty.</msg>
</errors>
</robot>
