<?xml version="1.0" encoding="UTF-8"?>
<robot generator="Robot 7.4.1 (Python 3.14.3 on darwin)" generated="2026-03-05T16:07:50.658811" rpa="false" schemaversion="5">
<suite id="s1" name="TC IKEA 004" source="/Users/teerapong.c/Desktop/Cam_Group_6/testcases/TC_IKEA_004.robot">
<test id="s1-t1" name="TC_IKEA_004" line="5">
<kw name="common_page.Open Web" owner="common">
<kw name="New Browser" owner="Browser">
<msg time="2026-03-05T16:07:50.849907" level="INFO">{"browser": "chromium", "headless": false, "chromiumSandbox": false, "devtools": false, "handleSIGHUP": true, "handleSIGINT": true, "handleSIGTERM": true, "slowMo": 0.0, "timeout": 30000.0, "tracesDir": "/Users/teerapong.c/Desktop/Cam_Group_6/testcases/../result_log/browser/traces/temp/b80e222c-2ccb-4d74-8b3d-8bc1ff57b126"}</msg>
<msg time="2026-03-05T16:07:50.901644" level="INFO">Starting Browser process /Library/Frameworks/Python.framework/Versions/3.14/lib/python3.14/site-packages/Browser/wrapper/index.js using at 127.0.0.1:49204</msg>
<msg time="2026-03-05T16:07:53.267370" level="INFO">Successfully created browser with options: {"browser":"chromium","headless":false,"chromiumSandbox":false,"devtools":false,"handleSIGHUP":true,"handleSIGINT":true,"handleSIGTERM":true,"slowMo":0,"timeout":30000,"tracesDir":"/Users/teerapong.c/Desktop/Cam_Group_6/testcases/../result_log/browser/traces/temp/b80e222c-2ccb-4d74-8b3d-8bc1ff57b126"}</msg>
<arg>chromium</arg>
<arg>${FALSE}</arg>
<tag>BrowserControl</tag>
<tag>Setter</tag>
<doc>Create a new playwright Browser with specified options.</doc>
<status status="PASS" start="2026-03-05T16:07:50.849532" elapsed="2.418131"/>
</kw>
<kw name="New Context" owner="Browser">
<msg time="2026-03-05T16:07:53.269743" level="INFO">{
  "acceptDownloads": true,
  "bypassCSP": false,
  "forcedColors": "none",
  "ignoreHTTPSErrors": false,
  "javaScriptEnabled": true,
  "offline": false,
  "reducedMotion": "no-preference",
  "serviceWorkers": "allow",
  "viewport": {
    "width": 1280,
    "height": 720
  }
}</msg>
<msg time="2026-03-05T16:07:53.280398" level="INFO">Successfully created context. </msg>
<msg time="2026-03-05T16:07:53.280472" level="INFO">{'acceptDownloads': True, 'bypassCSP': False, 'forcedColors': 'none', 'ignoreHTTPSErrors': False, 'javaScriptEnabled': True, 'offline': False, 'reducedMotion': 'no-preference', 'serviceWorkers': 'allow', 'viewport': {'width': 1280, 'height': 720}}</msg>
<tag>BrowserControl</tag>
<tag>Setter</tag>
<doc>Create a new BrowserContext with specified options.</doc>
<status status="PASS" start="2026-03-05T16:07:53.268371" elapsed="0.012171"/>
</kw>
<kw name="New Page" owner="Browser">
<msg time="2026-03-05T16:07:55.004312" level="INFO">Successfully initialized new page object and opened url: https://www.ikea.com/th/th/</msg>
<arg>${url}</arg>
<tag>BrowserControl</tag>
<tag>Setter</tag>
<doc>Open a new Page.</doc>
<status status="PASS" start="2026-03-05T16:07:53.280697" elapsed="1.724846"/>
</kw>
<arg>${url}</arg>
<status status="PASS" start="2026-03-05T16:07:50.849195" elapsed="4.156925"/>
</kw>
<kw name="nav_page.Search product" owner="nav">
<kw name="Wait For Elements State" owner="Browser">
<msg time="2026-03-05T16:07:55.032727" level="INFO">Waited for Element with selector id=ikea-search-input at state visible</msg>
<arg>${nav_page.txt_search_bar}</arg>
<arg>visible</arg>
<arg>5s</arg>
<tag>PageContent</tag>
<tag>Wait</tag>
<doc>Waits for the element found by ``selector`` to satisfy state option.</doc>
<status status="PASS" start="2026-03-05T16:07:55.008480" elapsed="0.024411"/>
</kw>
<kw name="Fill Text" owner="Browser">
<msg time="2026-03-05T16:07:55.033706" level="INFO">Fills the text 'โคมไฟ BARLAST บอร์ลัสต์' in the given field.</msg>
<arg>${nav_page.txt_search_bar}</arg>
<arg>${value}</arg>
<tag>PageContent</tag>
<tag>Setter</tag>
<doc>Clears and fills the given ``txt`` into the text field found by ``selector``.</doc>
<status status="PASS" start="2026-03-05T16:07:55.033137" elapsed="0.015323"/>
</kw>
<kw name="Keyboard Key" owner="Browser">
<arg>press</arg>
<arg>Enter</arg>
<tag>PageContent</tag>
<tag>Setter</tag>
<doc>Press a keyboard key on the virtual keyboard or set a key up or down.</doc>
<status status="PASS" start="2026-03-05T16:07:55.048640" elapsed="0.058354"/>
</kw>
<arg>${search_value_004}</arg>
<status status="PASS" start="2026-03-05T16:07:55.007507" elapsed="0.099845"/>
</kw>
<kw name="Debug" owner="DebugLibrary">
<kw name="product_list_page.Click product for frist index" owner="product_list_page">
<kw name="Click" owner="Browser">
<msg time="2026-03-05T16:08:09.666753" level="INFO">Clicks the element 'div[data-testid="plp-product-card"]'.</msg>
<arg>${prduct_list_page.div_product_item}</arg>
<tag>PageContent</tag>
<tag>Setter</tag>
<doc>Simulates mouse click on the element found by ``selector``.</doc>
<status status="PASS" start="2026-03-05T16:08:09.665589" elapsed="0.436459"/>
</kw>
<status status="PASS" start="2026-03-05T16:08:09.664446" elapsed="0.437756"/>
</kw>
<kw name="product_list_page.Click increase amount" owner="product_list_page">
<for flavor="IN RANGE">
<iter>
<kw name="Click" owner="Browser">
<msg time="2026-03-05T16:08:23.743484" level="INFO">Clicks the element 'button[aria-label="Increase quantity button"]'.</msg>
<msg time="2026-03-05T16:08:33.886795" level="INFO" html="true">&lt;/td&gt;&lt;/tr&gt;&lt;tr&gt;&lt;td colspan="3"&gt;&lt;a href="browser/screenshot/fail-screenshot-1.png" target="_blank"&gt;&lt;img src="browser/screenshot/fail-screenshot-1.png" width="800px"/&gt;&lt;/a&gt;</msg>
<msg time="2026-03-05T16:08:33.886904" level="INFO">See also file:///Users/teerapong.c/Desktop/Cam_Group_6/testcases/../result_log/playwright-log.txt for additional details.</msg>
<msg time="2026-03-05T16:08:33.887228" level="FAIL">TimeoutError: locator.click: Timeout 10000ms exceeded.
Call log:
  - waiting for locator('button[aria-label="Increase quantity button"]').first()
</msg>
<arg>${product_list_page.btn_increase_amount}</arg>
<tag>PageContent</tag>
<tag>Setter</tag>
<doc>Simulates mouse click on the element found by ``selector``.</doc>
<status status="FAIL" start="2026-03-05T16:08:23.741895" elapsed="10.148962">TimeoutError: locator.click: Timeout 10000ms exceeded.
Call log:
  - waiting for locator('button[aria-label="Increase quantity button"]').first()
</status>
</kw>
<var name="${i}">0</var>
<status status="FAIL" start="2026-03-05T16:08:23.741507" elapsed="10.149442">TimeoutError: locator.click: Timeout 10000ms exceeded.
Call log:
  - waiting for locator('button[aria-label="Increase quantity button"]').first()
</status>
</iter>
<var>${i}</var>
<value>${amount}</value>
<status status="FAIL" start="2026-03-05T16:08:23.740808" elapsed="10.150205">TimeoutError: locator.click: Timeout 10000ms exceeded.
Call log:
  - waiting for locator('button[aria-label="Increase quantity button"]').first()
</status>
</for>
<status status="FAIL" start="2026-03-05T16:08:23.739124" elapsed="10.151976">TimeoutError: locator.click: Timeout 10000ms exceeded.
Call log:
  - waiting for locator('button[aria-label="Increase quantity button"]').first()
</status>
</kw>
<kw name="product_detail_page.Click increase amount">
<msg time="2026-03-05T16:12:53.883647" level="FAIL">No keyword with name 'product_detail_page.Click increase amount' found.</msg>
<status status="FAIL" start="2026-03-05T16:12:53.882351" elapsed="0.001635">No keyword with name 'product_detail_page.Click increase amount' found.</status>
</kw>
<kw name="product_detail_page.Click increase amount">
<msg time="2026-03-05T16:13:28.729037" level="FAIL">No keyword with name 'product_detail_page.Click increase amount' found.</msg>
<status status="FAIL" start="2026-03-05T16:13:28.727719" elapsed="0.001651">No keyword with name 'product_detail_page.Click increase amount' found.</status>
</kw>
<doc>Open a interactive shell, run any RobotFramework keywords.</doc>
<status status="PASS" start="2026-03-05T16:07:55.108100" elapsed="336.308786"/>
</kw>
<kw name="product_list_page.Click product for frist index" owner="product_list_page">
<kw name="Click" owner="Browser">
<msg time="2026-03-05T16:13:31.420794" level="INFO">Clicks the element 'div[data-testid="plp-product-card"]'.</msg>
<msg time="2026-03-05T16:13:41.598800" level="INFO" html="true">&lt;/td&gt;&lt;/tr&gt;&lt;tr&gt;&lt;td colspan="3"&gt;&lt;a href="browser/screenshot/fail-screenshot-2.png" target="_blank"&gt;&lt;img src="browser/screenshot/fail-screenshot-2.png" width="800px"/&gt;&lt;/a&gt;</msg>
<msg time="2026-03-05T16:13:41.598903" level="INFO">See also file:///Users/teerapong.c/Desktop/Cam_Group_6/testcases/../result_log/playwright-log.txt for additional details.</msg>
<msg time="2026-03-05T16:13:41.599017" level="FAIL">TimeoutError: locator.click: Timeout 10000ms exceeded.
Call log:
  - waiting for locator('div[data-testid="plp-product-card"]').first()
</msg>
<arg>${prduct_list_page.div_product_item}</arg>
<tag>PageContent</tag>
<tag>Setter</tag>
<doc>Simulates mouse click on the element found by ``selector``.</doc>
<status status="FAIL" start="2026-03-05T16:13:31.418901" elapsed="10.181555">TimeoutError: locator.click: Timeout 10000ms exceeded.
Call log:
  - waiting for locator('div[data-testid="plp-product-card"]').first()
</status>
</kw>
<status status="FAIL" start="2026-03-05T16:13:31.417943" elapsed="10.182629">TimeoutError: locator.click: Timeout 10000ms exceeded.
Call log:
  - waiting for locator('div[data-testid="plp-product-card"]').first()
</status>
</kw>
<kw name="product_list_page.Click increase amount" owner="product_list_page">
<status status="NOT RUN" start="2026-03-05T16:13:41.600774" elapsed="0.000052"/>
</kw>
<msg time="2026-03-05T16:13:41.613103" level="INFO">Switching context to context=4f8c0042-17da-4178-8ae3-ff19c8b48fd1 in CURRENT</msg>
<msg time="2026-03-05T16:13:41.648787" level="INFO">Successfully changed active context: context=4f8c0042-17da-4178-8ae3-ff19c8b48fd1</msg>
<msg time="2026-03-05T16:13:41.833220" level="INFO">Successfully closed Context</msg>
<status status="FAIL" start="2026-03-05T16:07:50.848809" elapsed="350.752141">TimeoutError: locator.click: Timeout 10000ms exceeded.
Call log:
  - waiting for locator('div[data-testid="plp-product-card"]').first()
</status>
</test>
<status status="FAIL" start="2026-03-05T16:07:50.659554" elapsed="351.174521"/>
</suite>
<statistics>
<total>
<stat pass="0" fail="1" skip="0">All Tests</stat>
</total>
<tag>
</tag>
<suite>
<stat name="TC IKEA 004" id="s1" pass="0" fail="1" skip="0">TC IKEA 004</stat>
</suite>
</statistics>
<errors>
</errors>
</robot>
