<?xml version="1.0" encoding="UTF-8"?>
<robot generator="Robot 7.4.1 (Python 3.14.3 on darwin)" generated="2026-03-05T14:18:12.453358" rpa="false" schemaversion="5">
<suite id="s1" name="TC IKEA 004" source="/Users/teerapong.c/Desktop/Cam_Group_6/testcases/TC_IKEA_004.robot">
<test id="s1-t1" name="TC_IKEA_004" line="4">
<kw name="common_page.Open Web" owner="common">
<kw name="New Browser" owner="Browser">
<msg time="2026-03-05T14:18:12.641885" level="INFO">{"browser": "chromium", "headless": false, "chromiumSandbox": false, "devtools": false, "handleSIGHUP": true, "handleSIGINT": true, "handleSIGTERM": true, "slowMo": 0.0, "timeout": 30000.0, "tracesDir": "/Users/teerapong.c/Desktop/Cam_Group_6/testcases/../result_log/browser/traces/temp/f64c90fe-4b96-4d5d-a00b-d4e721398c7d"}</msg>
<msg time="2026-03-05T14:18:12.669130" level="INFO">Starting Browser process /Library/Frameworks/Python.framework/Versions/3.14/lib/python3.14/site-packages/Browser/wrapper/index.js using at 127.0.0.1:52765</msg>
<msg time="2026-03-05T14:18:15.099024" level="INFO">Successfully created browser with options: {"browser":"chromium","headless":false,"chromiumSandbox":false,"devtools":false,"handleSIGHUP":true,"handleSIGINT":true,"handleSIGTERM":true,"slowMo":0,"timeout":30000,"tracesDir":"/Users/teerapong.c/Desktop/Cam_Group_6/testcases/../result_log/browser/traces/temp/f64c90fe-4b96-4d5d-a00b-d4e721398c7d"}</msg>
<arg>chromium</arg>
<arg>${FALSE}</arg>
<tag>BrowserControl</tag>
<tag>Setter</tag>
<doc>Create a new playwright Browser with specified options.</doc>
<status status="PASS" start="2026-03-05T14:18:12.641546" elapsed="2.457854"/>
</kw>
<kw name="New Context" owner="Browser">
<msg time="2026-03-05T14:18:15.101403" level="INFO">{
  "acceptDownloads": true,
  "bypassCSP": false,
  "forcedColors": "none",
  "ignoreHTTPSErrors": false,
  "javaScriptEnabled": true,
  "offline": false,
  "reducedMotion": "no-preference",
  "serviceWorkers": "allow",
  "viewport": {
    "width": 1280,
    "height": 720
  }
}</msg>
<msg time="2026-03-05T14:18:15.129866" level="INFO">Successfully created context. </msg>
<msg time="2026-03-05T14:18:15.129929" level="INFO">{'acceptDownloads': True, 'bypassCSP': False, 'forcedColors': 'none', 'ignoreHTTPSErrors': False, 'javaScriptEnabled': True, 'offline': False, 'reducedMotion': 'no-preference', 'serviceWorkers': 'allow', 'viewport': {'width': 1280, 'height': 720}}</msg>
<tag>BrowserControl</tag>
<tag>Setter</tag>
<doc>Create a new BrowserContext with specified options.</doc>
<status status="PASS" start="2026-03-05T14:18:15.099950" elapsed="0.030041"/>
</kw>
<kw name="New Page" owner="Browser">
<msg time="2026-03-05T14:18:17.033187" level="INFO">Successfully initialized new page object and opened url: https://www.ikea.com/th/en/</msg>
<arg>${url}</arg>
<tag>BrowserControl</tag>
<tag>Setter</tag>
<doc>Open a new Page.</doc>
<status status="PASS" start="2026-03-05T14:18:15.130141" elapsed="1.904616"/>
</kw>
<arg>${url}</arg>
<status status="PASS" start="2026-03-05T14:18:12.641231" elapsed="4.394415"/>
</kw>
<kw name="nav_page.Search product" owner="nav">
<kw name="Wait For Elements State" owner="Browser">
<msg time="2026-03-05T14:18:17.069466" level="INFO">Waited for Element with selector id=ikea-search-input at state visible</msg>
<arg>${nav_page.txt_search_bar}</arg>
<arg>visible</arg>
<arg>5s</arg>
<tag>PageContent</tag>
<tag>Wait</tag>
<doc>Waits for the element found by ``selector`` to satisfy state option.</doc>
<status status="PASS" start="2026-03-05T14:18:17.038258" elapsed="0.031318"/>
</kw>
<kw name="Fill Text" owner="Browser">
<msg time="2026-03-05T14:18:17.070151" level="INFO">Fills the text 'sofa' in the given field.</msg>
<arg>${nav_page.txt_search_bar}</arg>
<arg>${search_value}</arg>
<tag>PageContent</tag>
<tag>Setter</tag>
<doc>Clears and fills the given ``txt`` into the text field found by ``selector``.</doc>
<status status="PASS" start="2026-03-05T14:18:17.069737" elapsed="0.018870"/>
</kw>
<kw name="Keyboard Key" owner="Browser">
<arg>press</arg>
<arg>Enter</arg>
<tag>PageContent</tag>
<tag>Setter</tag>
<doc>Press a keyboard key on the virtual keyboard or set a key up or down.</doc>
<status status="PASS" start="2026-03-05T14:18:17.088792" elapsed="0.058928"/>
</kw>
<kw name="Wait For Elements State" owner="Browser">
<msg time="2026-03-05T14:18:18.032044" level="INFO">Waited for Element with selector id=product-list at state visible</msg>
<arg>${nav_page.ele_product_list}</arg>
<arg>visible</arg>
<arg>5s</arg>
<tag>PageContent</tag>
<tag>Wait</tag>
<doc>Waits for the element found by ``selector`` to satisfy state option.</doc>
<status status="PASS" start="2026-03-05T14:18:17.147910" elapsed="0.884239"/>
</kw>
<arg>${search_value}</arg>
<status status="PASS" start="2026-03-05T14:18:17.037161" elapsed="0.995071"/>
</kw>
<msg time="2026-03-05T14:18:18.037364" level="INFO">Switching context to context=3615e75a-af1d-4e38-8b54-384f3dc826de in CURRENT</msg>
<msg time="2026-03-05T14:18:18.043890" level="INFO">Successfully changed active context: context=3615e75a-af1d-4e38-8b54-384f3dc826de</msg>
<msg time="2026-03-05T14:18:18.070558" level="INFO">Successfully closed Context</msg>
<status status="PASS" start="2026-03-05T14:18:12.640870" elapsed="5.391519"/>
</test>
<status status="PASS" start="2026-03-05T14:18:12.454524" elapsed="5.617538"/>
</suite>
<statistics>
<total>
<stat pass="1" fail="0" skip="0">All Tests</stat>
</total>
<tag>
</tag>
<suite>
<stat name="TC IKEA 004" id="s1" pass="1" fail="0" skip="0">TC IKEA 004</stat>
</suite>
</statistics>
<errors>
</errors>
</robot>
